2025-12-11 12:52:37,219 - Epoch 1/10
2025-12-11 12:52:53,233 - Epoch 1/10
2025-12-11 12:52:53,960 - Loss: 0.3607, MSE Loss: 0.3396, Rank Loss: 2.1007, MAE: 1556.4440, RMSE: 1556.4440
2025-12-11 12:52:54,051 - Loss: 0.1591, MSE Loss: 0.1384, Rank Loss: 2.0758, MAE: 513.8613, RMSE: 513.8613
2025-12-11 12:52:54,141 - Loss: 0.0494, MSE Loss: 0.0305, Rank Loss: 1.8932, MAE: 301.3646, RMSE: 301.3646
2025-12-11 12:52:54,226 - Loss: 0.0469, MSE Loss: 0.0296, Rank Loss: 1.7257, MAE: 222.2312, RMSE: 222.2312
2025-12-11 12:52:54,312 - Loss: 0.0436, MSE Loss: 0.0276, Rank Loss: 1.5910, MAE: 189.7768, RMSE: 189.7768
2025-12-11 12:52:54,396 - Loss: 0.0283, MSE Loss: 0.0156, Rank Loss: 1.2659, MAE: 175.2559, RMSE: 175.2559
2025-12-11 12:52:54,478 - Loss: 0.0314, MSE Loss: 0.0297, Rank Loss: 0.1756, MAE: 141.6236, RMSE: 141.6236
2025-12-11 12:52:54,561 - Loss: 0.0315, MSE Loss: 0.0148, Rank Loss: 1.6667, MAE: 130.9873, RMSE: 130.9873
2025-12-11 12:52:54,645 - Loss: 0.0486, MSE Loss: 0.0297, Rank Loss: 1.8886, MAE: 114.8402, RMSE: 114.8402
2025-12-11 12:52:54,732 - Loss: 0.0452, MSE Loss: 0.0258, Rank Loss: 1.9356, MAE: 103.6221, RMSE: 103.6221
2025-12-11 12:52:54,834 - Loss: 0.0668, MSE Loss: 0.0569, Rank Loss: 0.9981, MAE: 78.1943, RMSE: 78.1943
2025-12-11 12:52:54,918 - Loss: 0.0446, MSE Loss: 0.0240, Rank Loss: 2.0553, MAE: 93.1377, RMSE: 93.1377
2025-12-11 12:52:55,001 - Loss: 0.0464, MSE Loss: 0.0255, Rank Loss: 2.0870, MAE: 85.4239, RMSE: 85.4239
2025-12-11 12:52:55,086 - Loss: 0.0406, MSE Loss: 0.0238, Rank Loss: 1.6838, MAE: 83.2336, RMSE: 83.2336
2025-12-11 12:52:55,180 - Loss: 0.0483, MSE Loss: 0.0284, Rank Loss: 1.9913, MAE: 79.7615, RMSE: 79.7615
2025-12-11 12:52:55,280 - Loss: 0.0412, MSE Loss: 0.0220, Rank Loss: 1.9221, MAE: 79.2806, RMSE: 79.2806
2025-12-11 12:52:55,365 - Loss: 0.1162, MSE Loss: 0.1071, Rank Loss: 0.9100, MAE: 19.8088, RMSE: 19.8088
2025-12-11 12:52:55,451 - Loss: 0.0196, MSE Loss: 0.0187, Rank Loss: 0.0847, MAE: 74.4813, RMSE: 74.4813
2025-12-11 12:52:55,534 - Loss: 0.0298, MSE Loss: 0.0202, Rank Loss: 0.9564, MAE: 71.5645, RMSE: 71.5645
2025-12-11 12:52:55,632 - Loss: 0.1285, MSE Loss: 0.1063, Rank Loss: 2.2223, MAE: 12.3285, RMSE: 12.3285
2025-12-11 12:52:55,717 - Loss: 0.1723, MSE Loss: 0.1596, Rank Loss: 1.2649, MAE: 23.6024, RMSE: 23.6024
2025-12-11 12:52:55,802 - Loss: 0.3064, MSE Loss: 0.2853, Rank Loss: 2.1143, MAE: 108.5305, RMSE: 108.5305
2025-12-11 12:52:55,893 - Loss: 0.0392, MSE Loss: 0.0292, Rank Loss: 1.0052, MAE: 59.0612, RMSE: 59.0612
2025-12-11 12:52:55,978 - Loss: 0.2359, MSE Loss: 0.2176, Rank Loss: 1.8373, MAE: 60.7052, RMSE: 60.7052
2025-12-11 12:52:56,062 - Loss: 0.0266, MSE Loss: 0.0120, Rank Loss: 1.4569, MAE: 66.0114, RMSE: 66.0114
2025-12-11 12:52:56,161 - Loss: 0.0321, MSE Loss: 0.0197, Rank Loss: 1.2376, MAE: 59.7360, RMSE: 59.7360
2025-12-11 12:52:56,250 - Loss: 0.0535, MSE Loss: 0.0427, Rank Loss: 1.0770, MAE: 44.4749, RMSE: 44.4749
2025-12-11 12:52:56,334 - Loss: 0.1175, MSE Loss: 0.1059, Rank Loss: 1.1574, MAE: 3.3169, RMSE: 3.3169
2025-12-11 12:52:56,418 - Loss: 0.0452, MSE Loss: 0.0412, Rank Loss: 0.3933, MAE: 42.5552, RMSE: 42.5552
2025-12-11 12:52:56,504 - Loss: 0.1708, MSE Loss: 0.1477, Rank Loss: 2.3079, MAE: 26.6420, RMSE: 26.6420
2025-12-11 12:52:56,591 - Loss: 0.0540, MSE Loss: 0.0332, Rank Loss: 2.0712, MAE: 46.0115, RMSE: 46.0115
2025-12-11 12:52:56,676 - Loss: 0.0420, MSE Loss: 0.0195, Rank Loss: 2.2547, MAE: 53.4279, RMSE: 53.4279
2025-12-11 12:52:56,761 - Loss: 0.0458, MSE Loss: 0.0456, Rank Loss: 0.0283, MAE: 37.0825, RMSE: 37.0825
2025-12-11 12:52:56,848 - Loss: 0.0408, MSE Loss: 0.0317, Rank Loss: 0.9047, MAE: 44.7580, RMSE: 44.7580
2025-12-11 12:52:56,933 - Loss: 0.0172, MSE Loss: 0.0163, Rank Loss: 0.0953, MAE: 53.5556, RMSE: 53.5556
2025-12-11 12:52:57,017 - Loss: 0.0227, MSE Loss: 0.0193, Rank Loss: 0.3334, MAE: 50.0829, RMSE: 50.0829
2025-12-11 12:52:57,102 - Loss: 0.1406, MSE Loss: 0.1212, Rank Loss: 1.9461, MAE: 16.0395, RMSE: 16.0395
2025-12-11 12:52:57,187 - Loss: 0.0218, MSE Loss: 0.0100, Rank Loss: 1.1800, MAE: 54.5524, RMSE: 54.5524
2025-12-11 12:52:57,281 - Loss: 0.0308, MSE Loss: 0.0270, Rank Loss: 0.3802, MAE: 42.2133, RMSE: 42.2133
2025-12-11 12:52:57,368 - Loss: 0.0253, MSE Loss: 0.0100, Rank Loss: 1.5260, MAE: 54.3361, RMSE: 54.3361
2025-12-11 12:52:57,454 - Loss: 0.0258, MSE Loss: 0.0145, Rank Loss: 1.1307, MAE: 48.6937, RMSE: 48.6937
2025-12-11 12:52:57,539 - Loss: 0.0629, MSE Loss: 0.0545, Rank Loss: 0.8390, MAE: 21.9000, RMSE: 21.9000
2025-12-11 12:52:57,626 - Loss: 0.0618, MSE Loss: 0.0393, Rank Loss: 2.2474, MAE: 31.0943, RMSE: 31.0943
2025-12-11 12:52:57,723 - Loss: 0.1587, MSE Loss: 0.1490, Rank Loss: 0.9674, MAE: 40.3934, RMSE: 40.3934
2025-12-11 12:52:57,814 - Loss: 0.0291, MSE Loss: 0.0129, Rank Loss: 1.6145, MAE: 47.0322, RMSE: 47.0322
2025-12-11 12:52:57,899 - Loss: 0.0335, MSE Loss: 0.0191, Rank Loss: 1.4398, MAE: 42.6446, RMSE: 42.6446
2025-12-11 12:52:57,993 - Loss: 0.0243, MSE Loss: 0.0129, Rank Loss: 1.1371, MAE: 45.3293, RMSE: 45.3293
2025-12-11 12:52:58,094 - Loss: 0.0309, MSE Loss: 0.0159, Rank Loss: 1.4948, MAE: 42.7477, RMSE: 42.7477
2025-12-11 12:52:58,184 - Loss: 0.1854, MSE Loss: 0.1823, Rank Loss: 0.3020, MAE: 64.5186, RMSE: 64.5186
2025-12-11 12:52:58,271 - Loss: 0.1705, MSE Loss: 0.1502, Rank Loss: 2.0265, MAE: 45.0082, RMSE: 45.0082
2025-12-11 12:52:58,358 - Loss: 0.0488, MSE Loss: 0.0468, Rank Loss: 0.1974, MAE: 21.8277, RMSE: 21.8277
2025-12-11 12:52:58,442 - Loss: 0.0246, MSE Loss: 0.0205, Rank Loss: 0.4120, MAE: 37.6428, RMSE: 37.6428
2025-12-11 12:52:58,527 - Loss: 0.1395, MSE Loss: 0.1271, Rank Loss: 1.2401, MAE: 31.6842, RMSE: 31.6842
2025-12-11 12:52:58,613 - Loss: 0.0562, MSE Loss: 0.0359, Rank Loss: 2.0309, MAE: 30.9956, RMSE: 30.9956
2025-12-11 12:52:58,697 - Loss: 0.0837, MSE Loss: 0.0682, Rank Loss: 1.5551, MAE: 6.2158, RMSE: 6.2158
2025-12-11 12:52:58,782 - Loss: 0.1527, MSE Loss: 0.1486, Rank Loss: 0.4137, MAE: 46.1881, RMSE: 46.1881
2025-12-11 12:52:58,869 - Loss: 0.1327, MSE Loss: 0.1284, Rank Loss: 0.4228, MAE: 33.3323, RMSE: 33.3323
2025-12-11 12:52:58,953 - Loss: 0.0597, MSE Loss: 0.0451, Rank Loss: 1.4621, MAE: 20.7541, RMSE: 20.7541
2025-12-11 12:52:59,038 - Loss: 0.0164, MSE Loss: 0.0127, Rank Loss: 0.3657, MAE: 41.1834, RMSE: 41.1834
2025-12-11 12:52:59,125 - Loss: 0.0832, MSE Loss: 0.0803, Rank Loss: 0.2908, MAE: 0.4565, RMSE: 0.4565
2025-12-11 12:52:59,212 - Loss: 0.0355, MSE Loss: 0.0340, Rank Loss: 0.1527, MAE: 29.5435, RMSE: 29.5435
2025-12-11 12:52:59,297 - Loss: 0.0254, MSE Loss: 0.0204, Rank Loss: 0.5039, MAE: 37.2406, RMSE: 37.2406
2025-12-11 12:52:59,384 - Loss: 0.0566, MSE Loss: 0.0482, Rank Loss: 0.8486, MAE: 18.2360, RMSE: 18.2360
2025-12-11 12:52:59,477 - Loss: 0.0442, MSE Loss: 0.0388, Rank Loss: 0.5311, MAE: 24.8209, RMSE: 24.8209
2025-12-11 12:52:59,579 - Loss: 0.0661, MSE Loss: 0.0451, Rank Loss: 2.1041, MAE: 21.3701, RMSE: 21.3701
2025-12-11 12:52:59,665 - Loss: 0.1833, MSE Loss: 0.1802, Rank Loss: 0.3085, MAE: 64.6893, RMSE: 64.6893
2025-12-11 12:52:59,751 - Loss: 0.0918, MSE Loss: 0.0742, Rank Loss: 1.7545, MAE: 2.1996, RMSE: 2.1996
2025-12-11 12:52:59,840 - Loss: 0.0267, MSE Loss: 0.0127, Rank Loss: 1.4000, MAE: 42.5567, RMSE: 42.5567
2025-12-11 12:52:59,931 - Loss: 0.2334, MSE Loss: 0.2152, Rank Loss: 1.8194, MAE: 86.8552, RMSE: 86.8552
2025-12-11 12:53:00,018 - Loss: 0.0490, MSE Loss: 0.0449, Rank Loss: 0.4080, MAE: 22.1820, RMSE: 22.1820
2025-12-11 12:53:00,105 - Loss: 0.0235, MSE Loss: 0.0173, Rank Loss: 0.6212, MAE: 41.1430, RMSE: 41.1430
2025-12-11 12:53:00,204 - Loss: 0.1747, MSE Loss: 0.1710, Rank Loss: 0.3704, MAE: 58.7316, RMSE: 58.7316
2025-12-11 12:53:00,293 - Loss: 0.0267, MSE Loss: 0.0189, Rank Loss: 0.7856, MAE: 40.1171, RMSE: 40.1171
2025-12-11 12:53:00,379 - Loss: 0.0263, MSE Loss: 0.0173, Rank Loss: 0.8926, MAE: 41.7071, RMSE: 41.7071
2025-12-11 12:53:00,468 - Loss: 0.0281, MSE Loss: 0.0216, Rank Loss: 0.6437, MAE: 42.0727, RMSE: 42.0727
2025-12-11 12:53:00,564 - Loss: 0.0299, MSE Loss: 0.0277, Rank Loss: 0.2190, MAE: 36.3975, RMSE: 36.3975
2025-12-11 12:53:00,662 - Loss: 0.0967, MSE Loss: 0.0943, Rank Loss: 0.2442, MAE: 7.8498, RMSE: 7.8498
2025-12-11 12:53:00,749 - Loss: 0.0466, MSE Loss: 0.0404, Rank Loss: 0.6264, MAE: 26.5455, RMSE: 26.5455
2025-12-11 12:53:00,835 - Loss: 0.1608, MSE Loss: 0.1573, Rank Loss: 0.3565, MAE: 49.0291, RMSE: 49.0291
2025-12-11 12:53:00,920 - Loss: 0.0895, MSE Loss: 0.0788, Rank Loss: 1.0663, MAE: 2.7173, RMSE: 2.7173
2025-12-11 12:53:01,015 - Loss: 0.1487, MSE Loss: 0.1315, Rank Loss: 1.7290, MAE: 31.5441, RMSE: 31.5441
2025-12-11 12:53:01,100 - Loss: 0.0287, MSE Loss: 0.0237, Rank Loss: 0.4991, MAE: 40.9954, RMSE: 40.9954
2025-12-11 12:53:01,187 - Loss: 0.0376, MSE Loss: 0.0188, Rank Loss: 1.8780, MAE: 39.6483, RMSE: 39.6483
2025-12-11 12:53:01,273 - Loss: 0.2641, MSE Loss: 0.2577, Rank Loss: 0.6386, MAE: 111.3098, RMSE: 111.3098
2025-12-11 12:53:01,358 - Loss: 0.0493, MSE Loss: 0.0404, Rank Loss: 0.8838, MAE: 30.9778, RMSE: 30.9778
2025-12-11 12:53:01,444 - Loss: 0.0769, MSE Loss: 0.0573, Rank Loss: 1.9605, MAE: 15.4377, RMSE: 15.4377
2025-12-11 12:53:01,530 - Loss: 0.0442, MSE Loss: 0.0438, Rank Loss: 0.0338, MAE: 27.8096, RMSE: 27.8096
2025-12-11 12:53:01,623 - Loss: 0.0386, MSE Loss: 0.0344, Rank Loss: 0.4197, MAE: 36.5196, RMSE: 36.5196
2025-12-11 12:53:01,712 - Loss: 0.0742, MSE Loss: 0.0558, Rank Loss: 1.8354, MAE: 16.9616, RMSE: 16.9616
2025-12-11 12:53:01,799 - Loss: 0.4774, MSE Loss: 0.4653, Rank Loss: 1.2036, MAE: 242.1212, RMSE: 242.1212
2025-12-11 12:53:01,885 - Loss: 0.0545, MSE Loss: 0.0314, Rank Loss: 2.3183, MAE: 43.2804, RMSE: 43.2804
2025-12-11 12:53:01,974 - Loss: 0.0498, MSE Loss: 0.0496, Rank Loss: 0.0245, MAE: 31.5645, RMSE: 31.5645
2025-12-11 12:53:02,060 - Loss: 0.0738, MSE Loss: 0.0712, Rank Loss: 0.2615, MAE: 23.8801, RMSE: 23.8801
2025-12-11 12:53:02,148 - Loss: 0.2376, MSE Loss: 0.2314, Rank Loss: 0.6213, MAE: 66.9942, RMSE: 66.9942
2025-12-11 12:53:02,235 - Loss: 0.0435, MSE Loss: 0.0220, Rank Loss: 2.1514, MAE: 78.2826, RMSE: 78.2826
2025-12-11 12:53:02,334 - Loss: 0.1132, MSE Loss: 0.0929, Rank Loss: 2.0272, MAE: 17.3889, RMSE: 17.3889
2025-12-11 12:53:02,432 - Loss: 0.1217, MSE Loss: 0.1176, Rank Loss: 0.4096, MAE: 12.8261, RMSE: 12.8261
2025-12-11 12:53:02,532 - Loss: 0.0771, MSE Loss: 0.0689, Rank Loss: 0.8142, MAE: 62.2492, RMSE: 62.2492
2025-12-11 12:53:02,622 - Loss: 0.0493, MSE Loss: 0.0273, Rank Loss: 2.2022, MAE: 77.6406, RMSE: 77.6406
2025-12-11 12:53:02,710 - Loss: 0.2749, MSE Loss: 0.2695, Rank Loss: 0.5413, MAE: 93.8473, RMSE: 93.8473
2025-12-11 12:53:02,795 - Loss: 0.0315, MSE Loss: 0.0234, Rank Loss: 0.8100, MAE: 60.4994, RMSE: 60.4994
2025-12-11 12:53:02,890 - Loss: 0.0136, MSE Loss: 0.0098, Rank Loss: 0.3848, MAE: 58.2873, RMSE: 58.2873
2025-12-11 12:53:02,975 - Loss: 0.0720, MSE Loss: 0.0589, Rank Loss: 1.3091, MAE: 36.0941, RMSE: 36.0941
2025-12-11 12:53:03,068 - Loss: 0.0621, MSE Loss: 0.0543, Rank Loss: 0.7756, MAE: 30.2424, RMSE: 30.2424
2025-12-11 12:53:03,153 - Loss: 0.2806, MSE Loss: 0.2713, Rank Loss: 0.9255, MAE: 112.7850, RMSE: 112.7850
2025-12-11 12:53:03,238 - Loss: 0.0804, MSE Loss: 0.0637, Rank Loss: 1.6681, MAE: 26.1642, RMSE: 26.1642
2025-12-11 12:53:03,324 - Loss: 0.3635, MSE Loss: 0.3446, Rank Loss: 1.8889, MAE: 160.3304, RMSE: 160.3304
2025-12-11 12:53:03,410 - Loss: 0.1218, MSE Loss: 0.1183, Rank Loss: 0.3473, MAE: 11.2189, RMSE: 11.2189
2025-12-11 12:53:03,504 - Loss: 0.0972, MSE Loss: 0.0841, Rank Loss: 1.3129, MAE: 11.1042, RMSE: 11.1042
2025-12-11 12:53:03,592 - Loss: 0.0085, MSE Loss: 0.0038, Rank Loss: 0.4711, MAE: 68.1798, RMSE: 68.1798
2025-12-11 12:53:03,694 - Loss: 0.8026, MSE Loss: 0.7889, Rank Loss: 1.3736, MAE: 440.5886, RMSE: 440.5886
2025-12-11 12:53:03,778 - Loss: 0.0366, MSE Loss: 0.0314, Rank Loss: 0.5274, MAE: 51.9001, RMSE: 51.9001
2025-12-11 12:53:03,864 - Loss: 0.0434, MSE Loss: 0.0391, Rank Loss: 0.4219, MAE: 51.6568, RMSE: 51.6568
2025-12-11 12:53:03,953 - Loss: 0.1245, MSE Loss: 0.1113, Rank Loss: 1.3149, MAE: 3.0948, RMSE: 3.0948
2025-12-11 12:56:05,941 - Epoch 1/10
2025-12-13 12:14:04,879 - Epoch 1/10
2025-12-13 12:16:27,486 - Epoch 1/10
2025-12-13 12:16:44,423 - Epoch 1/10
2025-12-13 12:17:38,355 - Epoch 1/10
2025-12-13 12:21:47,401 - Train epoch done | epoch MAE: 870.6161, epoch RMSE: 2439.7558
2025-12-13 12:26:27,861 - Epoch 1/10
2025-12-13 12:30:37,873 - Train epoch done | epoch MAE: 1108.8383, epoch RMSE: 3247.8690
2025-12-13 12:34:17,170 - Epoch 1/10
2025-12-13 12:38:28,584 - Train epoch done | epoch MAE: 1110.9398, epoch RMSE: 3137.9738
2025-12-13 12:39:38,744 - Epoch 1/10
2025-12-13 12:43:49,377 - Train epoch done | epoch MAE: 780.7594, epoch RMSE: 2322.5214
2025-12-13 12:44:50,154 - Epoch 1/10
2025-12-13 12:48:58,356 - Train epoch done | epoch MAE: 1140.0578, epoch RMSE: 3256.4550
2025-12-13 12:49:25,292 - Eval epoch done | epoch MAE: 48.6345, epoch RMSE: 129.1827
2025-12-13 12:49:26,061 - Saved model checkpoint to checkpoint.pth
2025-12-13 12:49:26,061 - New best model saved with MAE: 48.6345
2025-12-13 12:49:26,061 - Epoch 2/10
